
BL51 BANKED LINKER/LOCATER V6.05 - SN: Eval Version
COPYRIGHT KEIL ELEKTRONIK GmbH 1987 - 2007
"C:\Users\Vince\EE4144_lab_projects\Sort\PSort.obj",
"C:\Users\Vince\EE4144_lab_projects\Sort\TS_vInterface_Keil.lib"  TO "C:\Users\Vince\EE4144_lab_projects\Sort\PSort" RS(256) PL(68) PW(78) 

*** WARNING L16: UNCALLED SEGMENT, IGNORED FOR OVERLAY PROCESS
    SEGMENT: ?PR?_LCD_CONTROLWRITE?TS_VINTERFACE

*** WARNING L16: UNCALLED SEGMENT, IGNORED FOR OVERLAY PROCESS
    SEGMENT: ?PR?LCD_CONTROLREAD?TS_VINTERFACE

*** WARNING L16: UNCALLED SEGMENT, IGNORED FOR OVERLAY PROCESS
    SEGMENT: ?PR?_LCD_DATAWRITE?TS_VINTERFACE

*** WARNING L16: UNCALLED SEGMENT, IGNORED FOR OVERLAY PROCESS
    SEGMENT: ?PR?LCD_DATAREAD?TS_VINTERFACE

*** WARNING L16: UNCALLED SEGMENT, IGNORED FOR OVERLAY PROCESS
    SEGMENT: ?PR?_SCOPESAMPLEWRITE?TS_VINTERFACE

*** WARNING L16: UNCALLED SEGMENT, IGNORED FOR OVERLAY PROCESS
    SEGMENT: ?PR?_SCOPECLEARBUFFER?TS_VINTERFACE

*** WARNING L16: UNCALLED SEGMENT, IGNORED FOR OVERLAY PROCESS
    SEGMENT: ?PR?LIB_VERSIONREAD?TS_VINTERFACE

******************************************************************************
* RESTRICTED VERSION WITH 0800H BYTE CODE SIZE LIMIT; USED: 05B9H BYTE (71%) *
******************************************************************************

>> 
>> 
>> 
Program Size: data=45.0 xdata=3000 code=1853
LINK/LOCATE RUN COMPLETE.  7 WARNING(S),  0 ERROR(S)
